<?xml version="1.0" encoding="windows-1252" standalone="no"?>
<!DOCTYPE log SYSTEM "logger.dtd">
<log>
<record>
  <date>2018-05-30T13:46:09</date>
  <millis>1527684369514</millis>
  <sequence>0</sequence>
  <logger>org.uma.jmetal.util.JMetalLogger</logger>
  <level>INFO</level>
  <class>org.uma.jmetal.util.JMetalLogger</class>
  <method>configureLoggers</method>
  <thread>13</thread>
  <message>Loggers configured with null</message>
</record>
<record>
  <date>2018-05-30T13:46:09</date>
  <millis>1527684369530</millis>
  <sequence>1</sequence>
  <logger>org.uma.jmetal.util.JMetalLogger</logger>
  <level>INFO</level>
  <class>org.uma.jmetal.util.experiment.component.ExecuteAlgorithms</class>
  <method>run</method>
  <thread>13</thread>
  <message>ExecuteAlgorithms: Preparing output directory</message>
</record>
<record>
  <date>2018-05-30T13:46:09</date>
  <millis>1527684369558</millis>
  <sequence>2</sequence>
  <logger>org.uma.jmetal.util.JMetalLogger</logger>
  <level>INFO</level>
  <class>org.uma.jmetal.util.experiment.util.ExperimentAlgorithm</class>
  <method>runAlgorithm</method>
  <thread>13</thread>
  <message> Running algorithm: PAES, problem: MyProblemBinaryExternalViaJAR, run: 0, funFile: experimentBaseDirectory/ExperimentsBinaryExternalViaJAR/data/PAES/MyProblemBinaryExternalViaJAR/FUN0.tsv</message>
</record>
<record>
  <date>2018-05-30T13:46:09</date>
  <millis>1527684369558</millis>
  <sequence>3</sequence>
  <logger>org.uma.jmetal.util.JMetalLogger</logger>
  <level>INFO</level>
  <class>org.uma.jmetal.util.experiment.util.ExperimentAlgorithm</class>
  <method>runAlgorithm</method>
  <thread>30</thread>
  <message> Running algorithm: SMSEMOA, problem: MyProblemBinaryExternalViaJAR, run: 0, funFile: experimentBaseDirectory/ExperimentsBinaryExternalViaJAR/data/SMSEMOA/MyProblemBinaryExternalViaJAR/FUN0.tsv</message>
</record>
<record>
  <date>2018-05-30T13:46:09</date>
  <millis>1527684369558</millis>
  <sequence>4</sequence>
  <logger>org.uma.jmetal.util.JMetalLogger</logger>
  <level>INFO</level>
  <class>org.uma.jmetal.util.experiment.util.ExperimentAlgorithm</class>
  <method>runAlgorithm</method>
  <thread>32</thread>
  <message> Running algorithm: NSGAII, problem: MyProblemBinaryExternalViaJAR, run: 0, funFile: experimentBaseDirectory/ExperimentsBinaryExternalViaJAR/data/NSGAII/MyProblemBinaryExternalViaJAR/FUN0.tsv</message>
</record>
<record>
  <date>2018-05-30T13:46:09</date>
  <millis>1527684369558</millis>
  <sequence>5</sequence>
  <logger>org.uma.jmetal.util.JMetalLogger</logger>
  <level>INFO</level>
  <class>org.uma.jmetal.util.experiment.util.ExperimentAlgorithm</class>
  <method>runAlgorithm</method>
  <thread>34</thread>
  <message> Running algorithm: MOCell, problem: MyProblemBinaryExternalViaJAR, run: 0, funFile: experimentBaseDirectory/ExperimentsBinaryExternalViaJAR/data/MOCell/MyProblemBinaryExternalViaJAR/FUN0.tsv</message>
</record>
<record>
  <date>2018-05-30T13:46:09</date>
  <millis>1527684369558</millis>
  <sequence>6</sequence>
  <logger>org.uma.jmetal.util.JMetalLogger</logger>
  <level>INFO</level>
  <class>org.uma.jmetal.util.experiment.util.ExperimentAlgorithm</class>
  <method>runAlgorithm</method>
  <thread>31</thread>
  <message> Running algorithm: MOCH, problem: MyProblemBinaryExternalViaJAR, run: 0, funFile: experimentBaseDirectory/ExperimentsBinaryExternalViaJAR/data/MOCH/MyProblemBinaryExternalViaJAR/FUN0.tsv</message>
</record>
<record>
  <date>2018-05-30T13:46:09</date>
  <millis>1527684369558</millis>
  <sequence>8</sequence>
  <logger>org.uma.jmetal.util.JMetalLogger</logger>
  <level>INFO</level>
  <class>org.uma.jmetal.util.experiment.util.ExperimentAlgorithm</class>
  <method>runAlgorithm</method>
  <thread>37</thread>
  <message> Running algorithm: RandomSearch, problem: MyProblemBinaryExternalViaJAR, run: 0, funFile: experimentBaseDirectory/ExperimentsBinaryExternalViaJAR/data/RandomSearch/MyProblemBinaryExternalViaJAR/FUN0.tsv</message>
</record>
<record>
  <date>2018-05-30T13:46:09</date>
  <millis>1527684369558</millis>
  <sequence>7</sequence>
  <logger>org.uma.jmetal.util.JMetalLogger</logger>
  <level>INFO</level>
  <class>org.uma.jmetal.util.experiment.util.ExperimentAlgorithm</class>
  <method>runAlgorithm</method>
  <thread>33</thread>
  <message> Running algorithm: SPEA2, problem: MyProblemBinaryExternalViaJAR, run: 0, funFile: experimentBaseDirectory/ExperimentsBinaryExternalViaJAR/data/SPEA2/MyProblemBinaryExternalViaJAR/FUN0.tsv</message>
</record>
